# JRE version: OpenJDK Runtime Environment (8.0_212-b04) (build 1.8.0_212-release-1586-b04)
# Java VM: OpenJDK 64-Bit Server VM (25.212-b04 mixed mode windows-amd64 compressed oops)
Heap:
 PSYoungGen      total 330240K, used 162642K [0x00000000e0000000, 0x00000000f8e00000, 0x0000000100000000)
  eden space 298496K, 44% used [0x00000000e0000000,0x00000000e83094a8,0x00000000f2380000)
  from space 31744K, 89% used [0x00000000f2380000,0x00000000f3f4b3d8,0x00000000f4280000)
  to   space 35328K, 0% used [0x00000000f6b80000,0x00000000f6b80000,0x00000000f8e00000)
 ParOldGen       total 161792K, used 47024K [0x00000000a0000000, 0x00000000a9e00000, 0x00000000e0000000)
  object space 161792K, 29% used [0x00000000a0000000,0x00000000a2dec3b8,0x00000000a9e00000)
 Metaspace       used 86048K, capacity 89774K, committed 90072K, reserved 1126400K
  class space    used 11420K, capacity 12126K, committed 12248K, reserved 1048576K
GC Heap History (10 events):
Event: 7.363 GC heap before
{Heap before GC invocations=10 (full 2):
 PSYoungGen      total 210432K, used 90992K [0x00000000e0000000, 0x00000000f2f00000, 0x0000000100000000)
  eden space 194048K, 38% used [0x00000000e0000000,0x00000000e48dde48,0x00000000ebd80000)
  from space 16384K, 99% used [0x00000000ebd80000,0x00000000ecd7e3b0,0x00000000ecd80000)
  to   space 22528K, 0% used [0x00000000f1900000,0x00000000f1900000,0x00000000f2f00000)
 ParOldGen       total 111104K, used 23773K [0x00000000a0000000, 0x00000000a6c80000, 0x00000000e0000000)
  object space 111104K, 21% used [0x00000000a0000000,0x00000000a1737540,0x00000000a6c80000)
 Metaspace       used 57096K, capacity 59024K, committed 59096K, reserved 1099776K
  class space    used 7909K, capacity 8369K, committed 8408K, reserved 1048576K
Event: 7.395 GC heap after
Heap after GC invocations=10 (full 2):
 PSYoungGen      total 285184K, used 19352K [0x00000000e0000000, 0x00000000f4180000, 0x0000000100000000)
  eden space 262656K, 0% used [0x00000000e0000000,0x00000000e0000000,0x00000000f0080000)
  from space 22528K, 85% used [0x00000000f1900000,0x00000000f2be60f8,0x00000000f2f00000)
  to   space 25088K, 0% used [0x00000000f0080000,0x00000000f0080000,0x00000000f1900000)
 ParOldGen       total 111104K, used 23845K [0x00000000a0000000, 0x00000000a6c80000, 0x00000000e0000000)
  object space 111104K, 21% used [0x00000000a0000000,0x00000000a1749550,0x00000000a6c80000)
 Metaspace       used 57096K, capacity 59024K, committed 59096K, reserved 1099776K
  class space    used 7909K, capacity 8369K, committed 8408K, reserved 1048576K
}
Event: 7.395 GC heap before
{Heap before GC invocations=11 (full 3):
 PSYoungGen      total 285184K, used 19352K [0x00000000e0000000, 0x00000000f4180000, 0x0000000100000000)
  eden space 262656K, 0% used [0x00000000e0000000,0x00000000e0000000,0x00000000f0080000)
  from space 22528K, 85% used [0x00000000f1900000,0x00000000f2be60f8,0x00000000f2f00000)
  to   space 25088K, 0% used [0x00000000f0080000,0x00000000f0080000,0x00000000f1900000)
 ParOldGen       total 111104K, used 23845K [0x00000000a0000000, 0x00000000a6c80000, 0x00000000e0000000)
  object space 111104K, 21% used [0x00000000a0000000,0x00000000a1749550,0x00000000a6c80000)
 Metaspace       used 57096K, capacity 59024K, committed 59096K, reserved 1099776K
  class space    used 7909K, capacity 8369K, committed 8408K, reserved 1048576K
Event: 7.644 GC heap after
Heap after GC invocations=11 (full 3):
 PSYoungGen      total 285184K, used 0K [0x00000000e0000000, 0x00000000f4180000, 0x0000000100000000)
  eden space 262656K, 0% used [0x00000000e0000000,0x00000000e0000000,0x00000000f0080000)
  from space 22528K, 0% used [0x00000000f1900000,0x00000000f1900000,0x00000000f2f00000)
  to   space 25088K, 0% used [0x00000000f0080000,0x00000000f0080000,0x00000000f1900000)
 ParOldGen       total 161792K, used 33210K [0x00000000a0000000, 0x00000000a9e00000, 0x00000000e0000000)
  object space 161792K, 20% used [0x00000000a0000000,0x00000000a206e938,0x00000000a9e00000)
 Metaspace       used 57062K, capacity 58922K, committed 59096K, reserved 1099776K
  class space    used 7897K, capacity 8348K, committed 8408K, reserved 1048576K
}
Event: 11.231 GC heap before
{Heap before GC invocations=12 (full 3):
 PSYoungGen      total 285184K, used 262656K [0x00000000e0000000, 0x00000000f4180000, 0x0000000100000000)
  eden space 262656K, 100% used [0x00000000e0000000,0x00000000f0080000,0x00000000f0080000)
  from space 22528K, 0% used [0x00000000f1900000,0x00000000f1900000,0x00000000f2f00000)
  to   space 25088K, 0% used [0x00000000f0080000,0x00000000f0080000,0x00000000f1900000)
 ParOldGen       total 161792K, used 33210K [0x00000000a0000000, 0x00000000a9e00000, 0x00000000e0000000)
  object space 161792K, 20% used [0x00000000a0000000,0x00000000a206e938,0x00000000a9e00000)
 Metaspace       used 61214K, capacity 63480K, committed 63704K, reserved 1103872K
  class space    used 8328K, capacity 8807K, committed 8920K, reserved 1048576K
Event: 11.244 GC heap after
Heap after GC invocations=12 (full 3):
 PSYoungGen      total 287744K, used 11383K [0x00000000e0000000, 0x00000000f5980000, 0x0000000100000000)
  eden space 262656K, 0% used [0x00000000e0000000,0x00000000e0000000,0x00000000f0080000)
  from space 25088K, 45% used [0x00000000f0080000,0x00000000f0b9df38,0x00000000f1900000)
  to   space 23552K, 0% used [0x00000000f4280000,0x00000000f4280000,0x00000000f5980000)
 ParOldGen       total 161792K, used 33218K [0x00000000a0000000, 0x00000000a9e00000, 0x00000000e0000000)
  object space 161792K, 20% used [0x00000000a0000000,0x00000000a2070938,0x00000000a9e00000)
 Metaspace       used 61214K, capacity 63480K, committed 63704K, reserved 1103872K
  class space    used 8328K, capacity 8807K, committed 8920K, reserved 1048576K
}
Event: 14.429 GC heap before
{Heap before GC invocations=13 (full 3):
 PSYoungGen      total 287744K, used 274039K [0x00000000e0000000, 0x00000000f5980000, 0x0000000100000000)
  eden space 262656K, 100% used [0x00000000e0000000,0x00000000f0080000,0x00000000f0080000)
  from space 25088K, 45% used [0x00000000f0080000,0x00000000f0b9df38,0x00000000f1900000)
  to   space 23552K, 0% used [0x00000000f4280000,0x00000000f4280000,0x00000000f5980000)
 ParOldGen       total 161792K, used 33218K [0x00000000a0000000, 0x00000000a9e00000, 0x00000000e0000000)
  object space 161792K, 20% used [0x00000000a0000000,0x00000000a2070938,0x00000000a9e00000)
 Metaspace       used 76718K, capacity 79636K, committed 79832K, reserved 1118208K
  class space    used 10333K, capacity 10889K, committed 10968K, reserved 1048576K
Event: 14.469 GC heap after
Heap after GC invocations=13 (full 3):
 PSYoungGen      total 322048K, used 23537K [0x00000000e0000000, 0x00000000f6780000, 0x0000000100000000)
  eden space 298496K, 0% used [0x00000000e0000000,0x00000000e0000000,0x00000000f2380000)
  from space 23552K, 99% used [0x00000000f4280000,0x00000000f597c438,0x00000000f5980000)
  to   space 31744K, 0% used [0x00000000f2380000,0x00000000f2380000,0x00000000f4280000)
 ParOldGen       total 161792K, used 47008K [0x00000000a0000000, 0x00000000a9e00000, 0x00000000e0000000)
  object space 161792K, 29% used [0x00000000a0000000,0x00000000a2de83b8,0x00000000a9e00000)
 Metaspace       used 76718K, capacity 79636K, committed 79832K, reserved 1118208K
  class space    used 10333K, capacity 10889K, committed 10968K, reserved 1048576K
}
Event: 4370.867 GC heap before
{Heap before GC invocations=14 (full 3):
 PSYoungGen      total 322048K, used 322033K [0x00000000e0000000, 0x00000000f6780000, 0x0000000100000000)
  eden space 298496K, 100% used [0x00000000e0000000,0x00000000f2380000,0x00000000f2380000)
  from space 23552K, 99% used [0x00000000f4280000,0x00000000f597c438,0x00000000f5980000)
  to   space 31744K, 0% used [0x00000000f2380000,0x00000000f2380000,0x00000000f4280000)
 ParOldGen       total 161792K, used 47008K [0x00000000a0000000, 0x00000000a9e00000, 0x00000000e0000000)
  object space 161792K, 29% used [0x00000000a0000000,0x00000000a2de83b8,0x00000000a9e00000)
 Metaspace       used 85849K, capacity 89580K, committed 89688K, reserved 1126400K
  class space    used 11414K, capacity 12115K, committed 12120K, reserved 1048576K
Event: 4370.898 GC heap after
Heap after GC invocations=14 (full 3):
 PSYoungGen      total 330240K, used 28460K [0x00000000e0000000, 0x00000000f8e00000, 0x0000000100000000)
  eden space 298496K, 0% used [0x00000000e0000000,0x00000000e0000000,0x00000000f2380000)
  from space 31744K, 89% used [0x00000000f2380000,0x00000000f3f4b3d8,0x00000000f4280000)
  to   space 35328K, 0% used [0x00000000f6b80000,0x00000000f6b80000,0x00000000f8e00000)
 ParOldGen       total 161792K, used 47024K [0x00000000a0000000, 0x00000000a9e00000, 0x00000000e0000000)
  object space 161792K, 29% used [0x00000000a0000000,0x00000000a2dec3b8,0x00000000a9e00000)
 Metaspace       used 85849K, capacity 89580K, committed 89688K, reserved 1126400K
  class space    used 11414K, capacity 12115K, committed 12120K, reserved 1048576K
}

