# JRE version: OpenJDK Runtime Environment (8.0_212-b04) (build 1.8.0_212-release-1586-b04)
# Java VM: OpenJDK 64-Bit Server VM (25.212-b04 mixed mode windows-amd64 compressed oops)
Heap:
 PSYoungGen      total 207360K, used 53669K [0x00000000e0000000, 0x00000000ef700000, 0x0000000100000000)
  eden space 173056K, 31% used [0x00000000e0000000,0x00000000e3469630,0x00000000ea900000)
  from space 34304K, 0% used [0x00000000ed080000,0x00000000ed080000,0x00000000ef200000)
  to   space 39936K, 0% used [0x00000000ea900000,0x00000000ea900000,0x00000000ed000000)
 ParOldGen       total 149504K, used 52117K [0x00000000a0000000, 0x00000000a9200000, 0x00000000e0000000)
  object space 149504K, 34% used [0x00000000a0000000,0x00000000a32e55d8,0x00000000a9200000)
 Metaspace       used 94298K, capacity 97954K, committed 99840K, reserved 1136640K
  class space    used 12416K, capacity 13166K, committed 13568K, reserved 1048576K
GC Heap History (10 events):
Event: 4726.732 GC heap before
{Heap before GC invocations=16 (full 3):
 PSYoungGen      total 218624K, used 218616K [0x00000000e0000000, 0x00000000ef280000, 0x0000000100000000)
  eden space 195584K, 100% used [0x00000000e0000000,0x00000000ebf00000,0x00000000ebf00000)
  from space 23040K, 99% used [0x00000000edc00000,0x00000000ef27e350,0x00000000ef280000)
  to   space 26112K, 0% used [0x00000000ebf80000,0x00000000ebf80000,0x00000000ed900000)
 ParOldGen       total 149504K, used 31351K [0x00000000a0000000, 0x00000000a9200000, 0x00000000e0000000)
  object space 149504K, 20% used [0x00000000a0000000,0x00000000a1e9dc88,0x00000000a9200000)
 Metaspace       used 75721K, capacity 79128K, committed 79360K, reserved 1118208K
  class space    used 9934K, capacity 10636K, committed 10752K, reserved 1048576K
Event: 4726.756 GC heap after
Heap after GC invocations=16 (full 3):
 PSYoungGen      total 212480K, used 22541K [0x00000000e0000000, 0x00000000ef100000, 0x0000000100000000)
  eden space 189440K, 0% used [0x00000000e0000000,0x00000000e0000000,0x00000000eb900000)
  from space 23040K, 97% used [0x00000000ebf80000,0x00000000ed583500,0x00000000ed600000)
  to   space 27648K, 0% used [0x00000000ed600000,0x00000000ed600000,0x00000000ef100000)
 ParOldGen       total 149504K, used 31359K [0x00000000a0000000, 0x00000000a9200000, 0x00000000e0000000)
  object space 149504K, 20% used [0x00000000a0000000,0x00000000a1e9fc88,0x00000000a9200000)
 Metaspace       used 75721K, capacity 79128K, committed 79360K, reserved 1118208K
  class space    used 9934K, capacity 10636K, committed 10752K, reserved 1048576K
}
Event: 9940.470 GC heap before
{Heap before GC invocations=17 (full 3):
 PSYoungGen      total 212480K, used 211981K [0x00000000e0000000, 0x00000000ef100000, 0x0000000100000000)
  eden space 189440K, 100% used [0x00000000e0000000,0x00000000eb900000,0x00000000eb900000)
  from space 23040K, 97% used [0x00000000ebf80000,0x00000000ed583500,0x00000000ed600000)
  to   space 27648K, 0% used [0x00000000ed600000,0x00000000ed600000,0x00000000ef100000)
 ParOldGen       total 149504K, used 31359K [0x00000000a0000000, 0x00000000a9200000, 0x00000000e0000000)
  object space 149504K, 20% used [0x00000000a0000000,0x00000000a1e9fc88,0x00000000a9200000)
 Metaspace       used 76309K, capacity 79854K, committed 80128K, reserved 1118208K
  class space    used 9969K, capacity 10689K, committed 10752K, reserved 1048576K
Event: 9940.497 GC heap after
Heap after GC invocations=17 (full 3):
 PSYoungGen      total 207872K, used 19549K [0x00000000e0000000, 0x00000000eed80000, 0x0000000100000000)
  eden space 183808K, 0% used [0x00000000e0000000,0x00000000e0000000,0x00000000eb380000)
  from space 24064K, 81% used [0x00000000ed600000,0x00000000ee917510,0x00000000eed80000)
  to   space 29696K, 0% used [0x00000000eb380000,0x00000000eb380000,0x00000000ed080000)
 ParOldGen       total 149504K, used 31367K [0x00000000a0000000, 0x00000000a9200000, 0x00000000e0000000)
  object space 149504K, 20% used [0x00000000a0000000,0x00000000a1ea1c88,0x00000000a9200000)
 Metaspace       used 76309K, capacity 79854K, committed 80128K, reserved 1118208K
  class space    used 9969K, capacity 10689K, committed 10752K, reserved 1048576K
}
Event: 11535.626 GC heap before
{Heap before GC invocations=18 (full 3):
 PSYoungGen      total 207872K, used 203357K [0x00000000e0000000, 0x00000000eed80000, 0x0000000100000000)
  eden space 183808K, 100% used [0x00000000e0000000,0x00000000eb380000,0x00000000eb380000)
  from space 24064K, 81% used [0x00000000ed600000,0x00000000ee917510,0x00000000eed80000)
  to   space 29696K, 0% used [0x00000000eb380000,0x00000000eb380000,0x00000000ed080000)
 ParOldGen       total 149504K, used 31367K [0x00000000a0000000, 0x00000000a9200000, 0x00000000e0000000)
  object space 149504K, 20% used [0x00000000a0000000,0x00000000a1ea1c88,0x00000000a9200000)
 Metaspace       used 86625K, capacity 90442K, committed 90624K, reserved 1128448K
  class space    used 11217K, capacity 11973K, committed 12032K, reserved 1048576K
Event: 11535.653 GC heap after
Heap after GC invocations=18 (full 3):
 PSYoungGen      total 207872K, used 29672K [0x00000000e0000000, 0x00000000ef200000, 0x0000000100000000)
  eden space 178176K, 0% used [0x00000000e0000000,0x00000000e0000000,0x00000000eae00000)
  from space 29696K, 99% used [0x00000000eb380000,0x00000000ed07a230,0x00000000ed080000)
  to   space 34304K, 0% used [0x00000000ed080000,0x00000000ed080000,0x00000000ef200000)
 ParOldGen       total 149504K, used 33562K [0x00000000a0000000, 0x00000000a9200000, 0x00000000e0000000)
  object space 149504K, 22% used [0x00000000a0000000,0x00000000a20c6818,0x00000000a9200000)
 Metaspace       used 86625K, capacity 90442K, committed 90624K, reserved 1128448K
  class space    used 11217K, capacity 11973K, committed 12032K, reserved 1048576K
}
Event: 11537.645 GC heap before
{Heap before GC invocations=19 (full 3):
 PSYoungGen      total 207872K, used 195872K [0x00000000e0000000, 0x00000000ef200000, 0x0000000100000000)
  eden space 178176K, 93% used [0x00000000e0000000,0x00000000ea24e128,0x00000000eae00000)
  from space 29696K, 99% used [0x00000000eb380000,0x00000000ed07a230,0x00000000ed080000)
  to   space 34304K, 0% used [0x00000000ed080000,0x00000000ed080000,0x00000000ef200000)
 ParOldGen       total 149504K, used 33562K [0x00000000a0000000, 0x00000000a9200000, 0x00000000e0000000)
  object space 149504K, 22% used [0x00000000a0000000,0x00000000a20c6818,0x00000000a9200000)
 Metaspace       used 94019K, capacity 98492K, committed 98560K, reserved 1134592K
  class space    used 12488K, capacity 13411K, committed 13440K, reserved 1048576K
Event: 11537.674 GC heap after
Heap after GC invocations=19 (full 3):
 PSYoungGen      total 207360K, used 34298K [0x00000000e0000000, 0x00000000ef700000, 0x0000000100000000)
  eden space 173056K, 0% used [0x00000000e0000000,0x00000000e0000000,0x00000000ea900000)
  from space 34304K, 99% used [0x00000000ed080000,0x00000000ef1fe860,0x00000000ef200000)
  to   space 39936K, 0% used [0x00000000ea900000,0x00000000ea900000,0x00000000ed000000)
 ParOldGen       total 149504K, used 34891K [0x00000000a0000000, 0x00000000a9200000, 0x00000000e0000000)
  object space 149504K, 23% used [0x00000000a0000000,0x00000000a2212cc8,0x00000000a9200000)
 Metaspace       used 94019K, capacity 98492K, committed 98560K, reserved 1134592K
  class space    used 12488K, capacity 13411K, committed 13440K, reserved 1048576K
}
Event: 11537.674 GC heap before
{Heap before GC invocations=20 (full 4):
 PSYoungGen      total 207360K, used 34298K [0x00000000e0000000, 0x00000000ef700000, 0x0000000100000000)
  eden space 173056K, 0% used [0x00000000e0000000,0x00000000e0000000,0x00000000ea900000)
  from space 34304K, 99% used [0x00000000ed080000,0x00000000ef1fe860,0x00000000ef200000)
  to   space 39936K, 0% used [0x00000000ea900000,0x00000000ea900000,0x00000000ed000000)
 ParOldGen       total 149504K, used 34891K [0x00000000a0000000, 0x00000000a9200000, 0x00000000e0000000)
  object space 149504K, 23% used [0x00000000a0000000,0x00000000a2212cc8,0x00000000a9200000)
 Metaspace       used 94019K, capacity 98492K, committed 98560K, reserved 1134592K
  class space    used 12488K, capacity 13411K, committed 13440K, reserved 1048576K
Event: 11537.913 GC heap after
Heap after GC invocations=20 (full 4):
 PSYoungGen      total 207360K, used 0K [0x00000000e0000000, 0x00000000ef700000, 0x0000000100000000)
  eden space 173056K, 0% used [0x00000000e0000000,0x00000000e0000000,0x00000000ea900000)
  from space 34304K, 0% used [0x00000000ed080000,0x00000000ed080000,0x00000000ef200000)
  to   space 39936K, 0% used [0x00000000ea900000,0x00000000ea900000,0x00000000ed000000)
 ParOldGen       total 149504K, used 52117K [0x00000000a0000000, 0x00000000a9200000, 0x00000000e0000000)
  object space 149504K, 34% used [0x00000000a0000000,0x00000000a32e55d8,0x00000000a9200000)
 Metaspace       used 92798K, capacity 96220K, committed 98560K, reserved 1134592K
  class space    used 12247K, capacity 12977K, committed 13440K, reserved 1048576K
}

