# JRE version: OpenJDK Runtime Environment (8.0_212-b04) (build 1.8.0_212-release-1586-b04)
# Java VM: OpenJDK 64-Bit Server VM (25.212-b04 mixed mode windows-amd64 compressed oops)
Heap:
 PSYoungGen      total 490496K, used 318217K [0x00000000e0000000, 0x00000000fff00000, 0x0000000100000000)
  eden space 460800K, 64% used [0x00000000e0000000,0x00000000f2466240,0x00000000fc200000)
  from space 29696K, 63% used [0x00000000fe200000,0x00000000ff45c390,0x00000000fff00000)
  to   space 31232K, 90% used [0x00000000fc200000,0x00000000fdd7a7f8,0x00000000fe080000)
 ParOldGen       total 100864K, used 59845K [0x00000000a0000000, 0x00000000a6280000, 0x00000000e0000000)
  object space 100864K, 59% used [0x00000000a0000000,0x00000000a3a716f8,0x00000000a6280000)
 Metaspace       used 93862K, capacity 98465K, committed 98560K, reserved 1134592K
  class space    used 12260K, capacity 13217K, committed 13312K, reserved 1048576K
GC Heap History (10 events):
Event: 17.859 GC heap after
Heap after GC invocations=11 (full 2):
 PSYoungGen      total 436736K, used 18183K [0x00000000e0000000, 0x0000000100000000, 0x0000000100000000)
  eden space 412672K, 0% used [0x00000000e0000000,0x00000000e0000000,0x00000000f9300000)
  from space 24064K, 75% used [0x00000000f9300000,0x00000000fa4c1ce8,0x00000000faa80000)
  to   space 26112K, 0% used [0x00000000fe680000,0x00000000fe680000,0x0000000100000000)
 ParOldGen       total 71168K, used 27055K [0x00000000a0000000, 0x00000000a4580000, 0x00000000e0000000)
  object space 71168K, 38% used [0x00000000a0000000,0x00000000a1a6bf30,0x00000000a4580000)
 Metaspace       used 57221K, capacity 59112K, committed 59136K, reserved 1099776K
  class space    used 7729K, capacity 8171K, committed 8192K, reserved 1048576K
}
Event: 17.859 GC heap before
{Heap before GC invocations=12 (full 3):
 PSYoungGen      total 436736K, used 18183K [0x00000000e0000000, 0x0000000100000000, 0x0000000100000000)
  eden space 412672K, 0% used [0x00000000e0000000,0x00000000e0000000,0x00000000f9300000)
  from space 24064K, 75% used [0x00000000f9300000,0x00000000fa4c1ce8,0x00000000faa80000)
  to   space 26112K, 0% used [0x00000000fe680000,0x00000000fe680000,0x0000000100000000)
 ParOldGen       total 71168K, used 27055K [0x00000000a0000000, 0x00000000a4580000, 0x00000000e0000000)
  object space 71168K, 38% used [0x00000000a0000000,0x00000000a1a6bf30,0x00000000a4580000)
 Metaspace       used 57221K, capacity 59112K, committed 59136K, reserved 1099776K
  class space    used 7729K, capacity 8171K, committed 8192K, reserved 1048576K
Event: 18.091 GC heap after
Heap after GC invocations=12 (full 3):
 PSYoungGen      total 436736K, used 0K [0x00000000e0000000, 0x0000000100000000, 0x0000000100000000)
  eden space 412672K, 0% used [0x00000000e0000000,0x00000000e0000000,0x00000000f9300000)
  from space 24064K, 0% used [0x00000000f9300000,0x00000000f9300000,0x00000000faa80000)
  to   space 26112K, 0% used [0x00000000fe680000,0x00000000fe680000,0x0000000100000000)
 ParOldGen       total 100864K, used 31550K [0x00000000a0000000, 0x00000000a6280000, 0x00000000e0000000)
  object space 100864K, 31% used [0x00000000a0000000,0x00000000a1ecfb10,0x00000000a6280000)
 Metaspace       used 57210K, capacity 59076K, committed 59136K, reserved 1099776K
  class space    used 7726K, capacity 8165K, committed 8192K, reserved 1048576K
}
Event: 1353.331 GC heap before
{Heap before GC invocations=13 (full 3):
 PSYoungGen      total 436736K, used 412672K [0x00000000e0000000, 0x0000000100000000, 0x0000000100000000)
  eden space 412672K, 100% used [0x00000000e0000000,0x00000000f9300000,0x00000000f9300000)
  from space 24064K, 0% used [0x00000000f9300000,0x00000000f9300000,0x00000000faa80000)
  to   space 26112K, 0% used [0x00000000fe680000,0x00000000fe680000,0x0000000100000000)
 ParOldGen       total 100864K, used 31550K [0x00000000a0000000, 0x00000000a6280000, 0x00000000e0000000)
  object space 100864K, 31% used [0x00000000a0000000,0x00000000a1ecfb10,0x00000000a6280000)
 Metaspace       used 75128K, capacity 78244K, committed 78592K, reserved 1118208K
  class space    used 9945K, capacity 10632K, committed 10752K, reserved 1048576K
Event: 1353.382 GC heap after
Heap after GC invocations=13 (full 3):
 PSYoungGen      total 484864K, used 26106K [0x00000000e0000000, 0x0000000100000000, 0x0000000100000000)
  eden space 458752K, 0% used [0x00000000e0000000,0x00000000e0000000,0x00000000fc000000)
  from space 26112K, 99% used [0x00000000fe680000,0x00000000ffffe990,0x0000000100000000)
  to   space 32768K, 0% used [0x00000000fc000000,0x00000000fc000000,0x00000000fe000000)
 ParOldGen       total 100864K, used 38717K [0x00000000a0000000, 0x00000000a6280000, 0x00000000e0000000)
  object space 100864K, 38% used [0x00000000a0000000,0x00000000a25cf4c0,0x00000000a6280000)
 Metaspace       used 75128K, capacity 78244K, committed 78592K, reserved 1118208K
  class space    used 9945K, capacity 10632K, committed 10752K, reserved 1048576K
}
Event: 1490.833 GC heap before
{Heap before GC invocations=14 (full 3):
 PSYoungGen      total 484864K, used 484858K [0x00000000e0000000, 0x0000000100000000, 0x0000000100000000)
  eden space 458752K, 100% used [0x00000000e0000000,0x00000000fc000000,0x00000000fc000000)
  from space 26112K, 99% used [0x00000000fe680000,0x00000000ffffe990,0x0000000100000000)
  to   space 32768K, 0% used [0x00000000fc000000,0x00000000fc000000,0x00000000fe000000)
 ParOldGen       total 100864K, used 38717K [0x00000000a0000000, 0x00000000a6280000, 0x00000000e0000000)
  object space 100864K, 38% used [0x00000000a0000000,0x00000000a25cf4c0,0x00000000a6280000)
 Metaspace       used 79871K, capacity 83430K, committed 83712K, reserved 1122304K
  class space    used 10435K, capacity 11215K, committed 11264K, reserved 1048576K
Event: 1490.874 GC heap after
Heap after GC invocations=14 (full 3):
 PSYoungGen      total 491520K, used 13027K [0x00000000e0000000, 0x0000000100000000, 0x0000000100000000)
  eden space 458752K, 0% used [0x00000000e0000000,0x00000000e0000000,0x00000000fc000000)
  from space 32768K, 39% used [0x00000000fc000000,0x00000000fccb8cf0,0x00000000fe000000)
  to   space 30720K, 0% used [0x00000000fe200000,0x00000000fe200000,0x0000000100000000)
 ParOldGen       total 100864K, used 55685K [0x00000000a0000000, 0x00000000a6280000, 0x00000000e0000000)
  object space 100864K, 55% used [0x00000000a0000000,0x00000000a36615f8,0x00000000a6280000)
 Metaspace       used 79871K, capacity 83430K, committed 83712K, reserved 1122304K
  class space    used 10435K, capacity 11215K, committed 11264K, reserved 1048576K
}
Event: 1626.239 GC heap before
{Heap before GC invocations=15 (full 3):
 PSYoungGen      total 491520K, used 471779K [0x00000000e0000000, 0x0000000100000000, 0x0000000100000000)
  eden space 458752K, 100% used [0x00000000e0000000,0x00000000fc000000,0x00000000fc000000)
  from space 32768K, 39% used [0x00000000fc000000,0x00000000fccb8cf0,0x00000000fe000000)
  to   space 30720K, 0% used [0x00000000fe200000,0x00000000fe200000,0x0000000100000000)
 ParOldGen       total 100864K, used 55685K [0x00000000a0000000, 0x00000000a6280000, 0x00000000e0000000)
  object space 100864K, 55% used [0x00000000a0000000,0x00000000a36615f8,0x00000000a6280000)
 Metaspace       used 80542K, capacity 84316K, committed 84608K, reserved 1122304K
  class space    used 10482K, capacity 11288K, committed 11392K, reserved 1048576K
Event: 1626.259 GC heap after
Heap after GC invocations=15 (full 3):
 PSYoungGen      total 490496K, used 18800K [0x00000000e0000000, 0x00000000fff00000, 0x0000000100000000)
  eden space 460800K, 0% used [0x00000000e0000000,0x00000000e0000000,0x00000000fc200000)
  from space 29696K, 63% used [0x00000000fe200000,0x00000000ff45c390,0x00000000fff00000)
  to   space 31232K, 0% used [0x00000000fc200000,0x00000000fc200000,0x00000000fe080000)
 ParOldGen       total 100864K, used 59837K [0x00000000a0000000, 0x00000000a6280000, 0x00000000e0000000)
  object space 100864K, 59% used [0x00000000a0000000,0x00000000a3a6f6f8,0x00000000a6280000)
 Metaspace       used 80542K, capacity 84316K, committed 84608K, reserved 1122304K
  class space    used 10482K, capacity 11288K, committed 11392K, reserved 1048576K
}
Event: 1659.952 GC heap before
{Heap before GC invocations=16 (full 3):
 PSYoungGen      total 490496K, used 318217K [0x00000000e0000000, 0x00000000fff00000, 0x0000000100000000)
  eden space 460800K, 64% used [0x00000000e0000000,0x00000000f2466240,0x00000000fc200000)
  from space 29696K, 63% used [0x00000000fe200000,0x00000000ff45c390,0x00000000fff00000)
  to   space 31232K, 0% used [0x00000000fc200000,0x00000000fc200000,0x00000000fe080000)
 ParOldGen       total 100864K, used 59837K [0x00000000a0000000, 0x00000000a6280000, 0x00000000e0000000)
  object space 100864K, 59% used [0x00000000a0000000,0x00000000a3a6f6f8,0x00000000a6280000)
 Metaspace       used 93862K, capacity 98465K, committed 98560K, reserved 1134592K
  class space    used 12260K, capacity 13217K, committed 13312K, reserved 1048576K

